0 info it worked if it ends with ok
1 verbose cli [ '/usr/local/bin/node', '/usr/local/bin/npm', 'run', 'lint' ]
2 info using npm@3.4.1
3 info using node@v6.2.1
4 verbose run-script [ 'prelint', 'lint', 'postlint' ]
5 info lifecycle loans@1.0.0~prelint: loans@1.0.0
6 silly lifecycle loans@1.0.0~prelint: no script for prelint, continuing
7 info lifecycle loans@1.0.0~lint: loans@1.0.0
8 verbose lifecycle loans@1.0.0~lint: unsafe-perm in lifecycle true
9 verbose lifecycle loans@1.0.0~lint: PATH: /usr/local/lib/node_modules/npm/bin/node-gyp-bin:/Users/marktausch/programming/projects/loan-lifecycle/node_modules/.bin:/Applications/Postgres.app/Contents/Versions/latest/bin:/usr/local/bin:/usr/bin:/bin:/usr/sbin:/sbin
10 verbose lifecycle loans@1.0.0~lint: CWD: /Users/marktausch/programming/projects/loan-lifecycle
11 silly lifecycle loans@1.0.0~lint: Args: [ '-c', 'jshint ./public/**/*.js ' ]
12 silly lifecycle loans@1.0.0~lint: Returned: code: 2  signal: null
13 info lifecycle loans@1.0.0~lint: Failed to exec lint script
14 verbose stack Error: loans@1.0.0 lint: `jshint ./public/**/*.js `
14 verbose stack Exit status 2
14 verbose stack     at EventEmitter.<anonymous> (/usr/local/lib/node_modules/npm/lib/utils/lifecycle.js:232:16)
14 verbose stack     at emitTwo (events.js:106:13)
14 verbose stack     at EventEmitter.emit (events.js:191:7)
14 verbose stack     at ChildProcess.<anonymous> (/usr/local/lib/node_modules/npm/lib/utils/spawn.js:24:14)
14 verbose stack     at emitTwo (events.js:106:13)
14 verbose stack     at ChildProcess.emit (events.js:191:7)
14 verbose stack     at maybeClose (internal/child_process.js:852:16)
14 verbose stack     at Process.ChildProcess._handle.onexit (internal/child_process.js:215:5)
15 verbose pkgid loans@1.0.0
16 verbose cwd /Users/marktausch/programming/projects/loan-lifecycle
17 error Darwin 14.5.0
18 error argv "/usr/local/bin/node" "/usr/local/bin/npm" "run" "lint"
19 error node v6.2.1
20 error npm  v3.4.1
21 error code ELIFECYCLE
22 error loans@1.0.0 lint: `jshint ./public/**/*.js `
22 error Exit status 2
23 error Failed at the loans@1.0.0 lint script 'jshint ./public/**/*.js '.
23 error Make sure you have the latest version of node.js and npm installed.
23 error If you do, this is most likely a problem with the loans package,
23 error not with npm itself.
23 error Tell the author that this fails on your system:
23 error     jshint ./public/**/*.js
23 error You can get their info via:
23 error     npm owner ls loans
23 error There is likely additional logging output above.
24 verbose exit [ 1, true ]
